2021-10-12 12:05:40,100 - root - INFO - Logging to d447409d856c6a468171bd51d5260406.log
2021-10-12 12:07:13,444 - root - DEBUG - Python AST:
FunctionDef(name='CHOLESKY',
    args=arguments(
        args=[arg(arg='O', annotation=Name(id='BigMatrix')),
            arg(arg='I', annotation=Name(id='BigMatrix')),
            arg(arg='S', annotation=Name(id='BigMatrix')),
            arg(arg='N', annotation=Name(id='int')),
            arg(arg='truncate', annotation=Name(id='int'))],
        vararg=None,
        kwonlyargs=[],
        kw_defaults=[],
        kwarg=None,
        defaults=[]),
    body=[
        Assign(
            targets=[Subscript(value=Name(id='O'), slice=Index(value=Tuple(elts=[Num(n=0), Num(n=0)])))],
            value=Call(func=Name(id='chol'),
                args=[Subscript(value=Name(id='I'), slice=Index(value=Tuple(elts=[Num(n=0), Num(n=0)])))],
                keywords=[])),
        For(target=Name(id='j'),
            iter=Call(func=Name(id='range'),
                args=[Num(n=1), BinOp(left=Name(id='N'), op=Sub, right=Name(id='truncate'))],
                keywords=[]),
            body=[
                Assign(
                    targets=[Subscript(value=Name(id='O'), slice=Index(value=Tuple(elts=[Name(id='j'), Num(n=0)])))],
                    value=Call(func=Name(id='trsm'),
                        args=[
                            Subscript(value=Name(id='O'), slice=Index(value=Tuple(elts=[Num(n=0), Num(n=0)]))),
                            Subscript(value=Name(id='I'), slice=Index(value=Tuple(elts=[Name(id='j'), Num(n=0)])))],
                        keywords=[])),
                For(target=Name(id='k'),
                    iter=Call(func=Name(id='range'),
                        args=[Num(n=1), BinOp(left=Name(id='j'), op=Add, right=Num(n=1))],
                        keywords=[]),
                    body=[
                        Assign(
                            targets=[
                                Subscript(value=Name(id='S'),
                                    slice=Index(value=Tuple(elts=[Num(n=1), Name(id='j'), Name(id='k')])))],
                            value=Call(func=Name(id='syrk'),
                                args=[
                                    Subscript(value=Name(id='I'),
                                        slice=Index(value=Tuple(elts=[Name(id='j'), Name(id='k')]))),
                                    Subscript(value=Name(id='O'),
                                        slice=Index(value=Tuple(elts=[Name(id='j'), Num(n=0)]))),
                                    Subscript(value=Name(id='O'),
                                        slice=Index(value=Tuple(elts=[Name(id='k'), Num(n=0)])))],
                                keywords=[]))],
                    orelse=[])],
            orelse=[]),
        For(target=Name(id='i'),
            iter=Call(func=Name(id='range'),
                args=[Num(n=1), BinOp(left=Name(id='N'), op=Sub, right=Name(id='truncate'))],
                keywords=[]),
            body=[
                Assign(
                    targets=[
                        Subscript(value=Name(id='O'), slice=Index(value=Tuple(elts=[Name(id='i'), Name(id='i')])))],
                    value=Call(func=Name(id='chol'),
                        args=[
                            Subscript(value=Name(id='S'),
                                slice=Index(value=Tuple(elts=[Name(id='i'), Name(id='i'), Name(id='i')])))],
                        keywords=[])),
                For(target=Name(id='j'),
                    iter=Call(func=Name(id='range'),
                        args=[BinOp(left=Name(id='i'), op=Add, right=Num(n=1)),
                            BinOp(left=Name(id='N'), op=Sub, right=Name(id='truncate'))],
                        keywords=[]),
                    body=[
                        Assign(
                            targets=[
                                Subscript(value=Name(id='O'),
                                    slice=Index(value=Tuple(elts=[Name(id='j'), Name(id='i')])))],
                            value=Call(func=Name(id='trsm'),
                                args=[
                                    Subscript(value=Name(id='O'),
                                        slice=Index(value=Tuple(elts=[Name(id='i'), Name(id='i')]))),
                                    Subscript(value=Name(id='S'),
                                        slice=Index(value=Tuple(elts=[Name(id='i'), Name(id='j'), Name(id='i')])))],
                                keywords=[])),
                        For(target=Name(id='k'),
                            iter=Call(func=Name(id='range'),
                                args=[BinOp(left=Name(id='i'), op=Add, right=Num(n=1)),
                                    BinOp(left=Name(id='j'), op=Add, right=Num(n=1))],
                                keywords=[]),
                            body=[
                                Assign(
                                    targets=[
                                        Subscript(value=Name(id='S'),
                                            slice=Index(
                                                value=Tuple(
                                                    elts=[BinOp(left=Name(id='i'), op=Add, right=Num(n=1)),
                                                        Name(id='j'),
                                                        Name(id='k')])))],
                                    value=Call(func=Name(id='syrk'),
                                        args=[
                                            Subscript(value=Name(id='S'),
                                                slice=Index(value=Tuple(elts=[Name(id='i'), Name(id='j'), Name(id='k')]),
                                                    )),
                                            Subscript(value=Name(id='O'),
                                                slice=Index(value=Tuple(elts=[Name(id='j'), Name(id='i')]))),
                                            Subscript(value=Name(id='O'),
                                                slice=Index(value=Tuple(elts=[Name(id='k'), Name(id='i')])))],
                                        keywords=[]))],
                            orelse=[])],
                    orelse=[])],
            orelse=[])],
    decorator_list=[],
    returns=None)

2021-10-12 12:07:13,445 - root - DEBUG - IR AST:
FuncDef(name='CHOLESKY',
    args=['O', 'I', 'S', 'N', 'truncate'],
    body=[
        RemoteCallAbstract(compute=<function chol at 0x7f66a64c8290>,
            output=IndexExpr(matrix_name='O', indices=[IntConst(val=0, type=None), IntConst(val=0, type=None)]),
            args=[IndexExpr(matrix_name='I', indices=[IntConst(val=0, type=None), IntConst(val=0, type=None)])],
            kwargs=None,
            type=None),
        For(var='j',
            min=IntConst(val=1, type=None),
            max=BinOp(op='Sub', left=Ref(name='N', type=None), right=Ref(name='truncate', type=None), type=None),
            step=IntConst(val=1, type=None),
            body=[
                RemoteCallAbstract(compute=<function trsm at 0x7f66a64c8560>,
                    output=IndexExpr(matrix_name='O', indices=[Ref(name='j', type=None), IntConst(val=0, type=None)]),
                    args=[
                        IndexExpr(matrix_name='O', indices=[IntConst(val=0, type=None), IntConst(val=0, type=None)]),
                        IndexExpr(matrix_name='I', indices=[Ref(name='j', type=None), IntConst(val=0, type=None)])],
                    kwargs=None,
                    type=None),
                For(var='k',
                    min=IntConst(val=1, type=None),
                    max=BinOp(op='Add', left=Ref(name='j', type=None), right=IntConst(val=1, type=None), type=None),
                    step=IntConst(val=1, type=None),
                    body=[
                        RemoteCallAbstract(compute=<function syrk at 0x7f66a64c8170>,
                            output=IndexExpr(matrix_name='S',
                                indices=[IntConst(val=1, type=None),
                                    Ref(name='j', type=None),
                                    Ref(name='k', type=None)]),
                            args=[
                                IndexExpr(matrix_name='I',
                                    indices=[Ref(name='j', type=None), Ref(name='k', type=None)]),
                                IndexExpr(matrix_name='O',
                                    indices=[Ref(name='j', type=None), IntConst(val=0, type=None)]),
                                IndexExpr(matrix_name='O',
                                    indices=[Ref(name='k', type=None), IntConst(val=0, type=None)])],
                            kwargs=None,
                            type=None)])]),
        For(var='i',
            min=IntConst(val=1, type=None),
            max=BinOp(op='Sub', left=Ref(name='N', type=None), right=Ref(name='truncate', type=None), type=None),
            step=IntConst(val=1, type=None),
            body=[
                RemoteCallAbstract(compute=<function chol at 0x7f66a64c8290>,
                    output=IndexExpr(matrix_name='O', indices=[Ref(name='i', type=None), Ref(name='i', type=None)]),
                    args=[
                        IndexExpr(matrix_name='S',
                            indices=[Ref(name='i', type=None), Ref(name='i', type=None), Ref(name='i', type=None)])],
                    kwargs=None,
                    type=None),
                For(var='j',
                    min=BinOp(op='Add', left=Ref(name='i', type=None), right=IntConst(val=1, type=None), type=None),
                    max=BinOp(op='Sub',
                        left=Ref(name='N', type=None),
                        right=Ref(name='truncate', type=None),
                        type=None),
                    step=IntConst(val=1, type=None),
                    body=[
                        RemoteCallAbstract(compute=<function trsm at 0x7f66a64c8560>,
                            output=IndexExpr(matrix_name='O',
                                indices=[Ref(name='j', type=None), Ref(name='i', type=None)]),
                            args=[
                                IndexExpr(matrix_name='O',
                                    indices=[Ref(name='i', type=None), Ref(name='i', type=None)]),
                                IndexExpr(matrix_name='S',
                                    indices=[Ref(name='i', type=None),
                                        Ref(name='j', type=None),
                                        Ref(name='i', type=None)])],
                            kwargs=None,
                            type=None),
                        For(var='k',
                            min=BinOp(op='Add',
                                left=Ref(name='i', type=None),
                                right=IntConst(val=1, type=None),
                                type=None),
                            max=BinOp(op='Add',
                                left=Ref(name='j', type=None),
                                right=IntConst(val=1, type=None),
                                type=None),
                            step=IntConst(val=1, type=None),
                            body=[
                                RemoteCallAbstract(compute=<function syrk at 0x7f66a64c8170>,
                                    output=IndexExpr(matrix_name='S',
                                        indices=[
                                            BinOp(op='Add',
                                                left=Ref(name='i', type=None),
                                                right=IntConst(val=1, type=None),
                                                type=None),
                                            Ref(name='j', type=None),
                                            Ref(name='k', type=None)]),
                                    args=[
                                        IndexExpr(matrix_name='S',
                                            indices=[Ref(name='i', type=None),
                                                Ref(name='j', type=None),
                                                Ref(name='k', type=None)]),
                                        IndexExpr(matrix_name='O',
                                            indices=[Ref(name='j', type=None), Ref(name='i', type=None)]),
                                        IndexExpr(matrix_name='O',
                                            indices=[Ref(name='k', type=None), Ref(name='i', type=None)])],
                                    kwargs=None,
                                    type=None)])])])],
    arg_types=[<class 'numpywren.matrix.BigMatrix'>,
        <class 'numpywren.matrix.BigMatrix'>,
        <class 'numpywren.matrix.BigMatrix'>,
        <class 'int'>,
        <class 'int'>])

2021-10-12 12:07:13,446 - root - DEBUG - typed IR AST:
FuncDef(name='CHOLESKY',
    args=['O', 'I', 'S', 'N', 'truncate'],
    body=[
        RemoteCallAbstract(compute=<function chol at 0x7f66a64c8290>,
            output=[
                IndexExpr(matrix_name='O',
                    indices=[IntConst(val=0, type=<class 'numpywren.frontend.ConstIntType'>),
                        IntConst(val=0, type=<class 'numpywren.frontend.ConstIntType'>)])],
            args=[
                IndexExpr(matrix_name='I',
                    indices=[IntConst(val=0, type=<class 'numpywren.frontend.ConstIntType'>),
                        IntConst(val=0, type=<class 'numpywren.frontend.ConstIntType'>)])],
            kwargs=None,
            type=<class 'type'>),
        For(var='j',
            min=IntConst(val=1, type=<class 'numpywren.frontend.ConstIntType'>),
            max=BinOp(op='Sub',
                left=Ref(name='N', type=<class 'numpywren.frontend.ConstIntType'>),
                right=Ref(name='truncate', type=<class 'numpywren.frontend.ConstIntType'>),
                type=<class 'numpywren.frontend.ConstIntType'>),
            step=IntConst(val=1, type=<class 'numpywren.frontend.ConstIntType'>),
            body=[
                RemoteCallAbstract(compute=<function trsm at 0x7f66a64c8560>,
                    output=[
                        IndexExpr(matrix_name='O',
                            indices=[Ref(name='j', type=<class 'numpywren.frontend.LinearIntType'>),
                                IntConst(val=0, type=<class 'numpywren.frontend.ConstIntType'>)])],
                    args=[
                        IndexExpr(matrix_name='O',
                            indices=[IntConst(val=0, type=<class 'numpywren.frontend.ConstIntType'>),
                                IntConst(val=0, type=<class 'numpywren.frontend.ConstIntType'>)]),
                        IndexExpr(matrix_name='I',
                            indices=[Ref(name='j', type=<class 'numpywren.frontend.LinearIntType'>),
                                IntConst(val=0, type=<class 'numpywren.frontend.ConstIntType'>)])],
                    kwargs=None,
                    type=<class 'type'>),
                For(var='k',
                    min=IntConst(val=1, type=<class 'numpywren.frontend.ConstIntType'>),
                    max=BinOp(op='Add',
                        left=Ref(name='j', type=<class 'numpywren.frontend.LinearIntType'>),
                        right=IntConst(val=1, type=<class 'numpywren.frontend.ConstIntType'>),
                        type=<class 'numpywren.frontend.LinearIntType'>),
                    step=IntConst(val=1, type=<class 'numpywren.frontend.ConstIntType'>),
                    body=[
                        RemoteCallAbstract(compute=<function syrk at 0x7f66a64c8170>,
                            output=[
                                IndexExpr(matrix_name='S',
                                    indices=[IntConst(val=1, type=<class 'numpywren.frontend.ConstIntType'>),
                                        Ref(name='j', type=<class 'numpywren.frontend.LinearIntType'>),
                                        Ref(name='k', type=<class 'numpywren.frontend.LinearIntType'>)])],
                            args=[
                                IndexExpr(matrix_name='I',
                                    indices=[Ref(name='j', type=<class 'numpywren.frontend.LinearIntType'>),
                                        Ref(name='k', type=<class 'numpywren.frontend.LinearIntType'>)]),
                                IndexExpr(matrix_name='O',
                                    indices=[Ref(name='j', type=<class 'numpywren.frontend.LinearIntType'>),
                                        IntConst(val=0, type=<class 'numpywren.frontend.ConstIntType'>)]),
                                IndexExpr(matrix_name='O',
                                    indices=[Ref(name='k', type=<class 'numpywren.frontend.LinearIntType'>),
                                        IntConst(val=0, type=<class 'numpywren.frontend.ConstIntType'>)])],
                            kwargs=None,
                            type=<class 'type'>)])]),
        For(var='i',
            min=IntConst(val=1, type=<class 'numpywren.frontend.ConstIntType'>),
            max=BinOp(op='Sub',
                left=Ref(name='N', type=<class 'numpywren.frontend.ConstIntType'>),
                right=Ref(name='truncate', type=<class 'numpywren.frontend.ConstIntType'>),
                type=<class 'numpywren.frontend.ConstIntType'>),
            step=IntConst(val=1, type=<class 'numpywren.frontend.ConstIntType'>),
            body=[
                RemoteCallAbstract(compute=<function chol at 0x7f66a64c8290>,
                    output=[
                        IndexExpr(matrix_name='O',
                            indices=[Ref(name='i', type=<class 'numpywren.frontend.LinearIntType'>),
                                Ref(name='i', type=<class 'numpywren.frontend.LinearIntType'>)])],
                    args=[
                        IndexExpr(matrix_name='S',
                            indices=[Ref(name='i', type=<class 'numpywren.frontend.LinearIntType'>),
                                Ref(name='i', type=<class 'numpywren.frontend.LinearIntType'>),
                                Ref(name='i', type=<class 'numpywren.frontend.LinearIntType'>)])],
                    kwargs=None,
                    type=<class 'type'>),
                For(var='j',
                    min=BinOp(op='Add',
                        left=Ref(name='i', type=<class 'numpywren.frontend.LinearIntType'>),
                        right=IntConst(val=1, type=<class 'numpywren.frontend.ConstIntType'>),
                        type=<class 'numpywren.frontend.LinearIntType'>),
                    max=BinOp(op='Sub',
                        left=Ref(name='N', type=<class 'numpywren.frontend.ConstIntType'>),
                        right=Ref(name='truncate', type=<class 'numpywren.frontend.ConstIntType'>),
                        type=<class 'numpywren.frontend.ConstIntType'>),
                    step=IntConst(val=1, type=<class 'numpywren.frontend.ConstIntType'>),
                    body=[
                        RemoteCallAbstract(compute=<function trsm at 0x7f66a64c8560>,
                            output=[
                                IndexExpr(matrix_name='O',
                                    indices=[Ref(name='j', type=<class 'numpywren.frontend.LinearIntType'>),
                                        Ref(name='i', type=<class 'numpywren.frontend.LinearIntType'>)])],
                            args=[
                                IndexExpr(matrix_name='O',
                                    indices=[Ref(name='i', type=<class 'numpywren.frontend.LinearIntType'>),
                                        Ref(name='i', type=<class 'numpywren.frontend.LinearIntType'>)]),
                                IndexExpr(matrix_name='S',
                                    indices=[Ref(name='i', type=<class 'numpywren.frontend.LinearIntType'>),
                                        Ref(name='j', type=<class 'numpywren.frontend.LinearIntType'>),
                                        Ref(name='i', type=<class 'numpywren.frontend.LinearIntType'>)])],
                            kwargs=None,
                            type=<class 'type'>),
                        For(var='k',
                            min=BinOp(op='Add',
                                left=Ref(name='i', type=<class 'numpywren.frontend.LinearIntType'>),
                                right=IntConst(val=1, type=<class 'numpywren.frontend.ConstIntType'>),
                                type=<class 'numpywren.frontend.LinearIntType'>),
                            max=BinOp(op='Add',
                                left=Ref(name='j', type=<class 'numpywren.frontend.LinearIntType'>),
                                right=IntConst(val=1, type=<class 'numpywren.frontend.ConstIntType'>),
                                type=<class 'numpywren.frontend.LinearIntType'>),
                            step=IntConst(val=1, type=<class 'numpywren.frontend.ConstIntType'>),
                            body=[
                                RemoteCallAbstract(compute=<function syrk at 0x7f66a64c8170>,
                                    output=[
                                        IndexExpr(matrix_name='S',
                                            indices=[
                                                BinOp(op='Add',
                                                    left=Ref(name='i', type=<class 'numpywren.frontend.LinearIntType'>),
                                                    right=IntConst(val=1,
                                                        type=<class 'numpywren.frontend.ConstIntType'>),
                                                    type=<class 'numpywren.frontend.LinearIntType'>),
                                                Ref(name='j', type=<class 'numpywren.frontend.LinearIntType'>),
                                                Ref(name='k', type=<class 'numpywren.frontend.LinearIntType'>)])],
                                    args=[
                                        IndexExpr(matrix_name='S',
                                            indices=[Ref(name='i', type=<class 'numpywren.frontend.LinearIntType'>),
                                                Ref(name='j', type=<class 'numpywren.frontend.LinearIntType'>),
                                                Ref(name='k', type=<class 'numpywren.frontend.LinearIntType'>)]),
                                        IndexExpr(matrix_name='O',
                                            indices=[Ref(name='j', type=<class 'numpywren.frontend.LinearIntType'>),
                                                Ref(name='i', type=<class 'numpywren.frontend.LinearIntType'>)]),
                                        IndexExpr(matrix_name='O',
                                            indices=[Ref(name='k', type=<class 'numpywren.frontend.LinearIntType'>),
                                                Ref(name='i', type=<class 'numpywren.frontend.LinearIntType'>)])],
                                    kwargs=None,
                                    type=<class 'type'>)])])])],
    arg_types=[<class 'numpywren.frontend.BigMatrixType'>,
        <class 'numpywren.frontend.BigMatrixType'>,
        <class 'numpywren.frontend.BigMatrixType'>,
        <class 'numpywren.frontend.ConstIntType'>,
        <class 'numpywren.frontend.ConstIntType'>])

2021-10-12 12:09:32,888 - root - INFO - Starting with 4 cores
2021-10-12 12:12:19,186 - root - DEBUG - 7: Up Workers: 2, Busy Workers: 3
2021-10-12 12:57:59,476 - root - INFO - Logging to d447409d856c6a468171bd51d5260406.log
2021-10-12 13:03:41,267 - root - INFO - Logging to d447409d856c6a468171bd51d5260406.log
2021-10-12 13:05:17,432 - root - DEBUG - Python AST:
FunctionDef(name='CHOLESKY',
    args=arguments(
        args=[arg(arg='O', annotation=Name(id='BigMatrix')),
            arg(arg='I', annotation=Name(id='BigMatrix')),
            arg(arg='S', annotation=Name(id='BigMatrix')),
            arg(arg='N', annotation=Name(id='int')),
            arg(arg='truncate', annotation=Name(id='int'))],
        vararg=None,
        kwonlyargs=[],
        kw_defaults=[],
        kwarg=None,
        defaults=[]),
    body=[
        Assign(
            targets=[Subscript(value=Name(id='O'), slice=Index(value=Tuple(elts=[Num(n=0), Num(n=0)])))],
            value=Call(func=Name(id='chol'),
                args=[Subscript(value=Name(id='I'), slice=Index(value=Tuple(elts=[Num(n=0), Num(n=0)])))],
                keywords=[])),
        For(target=Name(id='j'),
            iter=Call(func=Name(id='range'),
                args=[Num(n=1), BinOp(left=Name(id='N'), op=Sub, right=Name(id='truncate'))],
                keywords=[]),
            body=[
                Assign(
                    targets=[Subscript(value=Name(id='O'), slice=Index(value=Tuple(elts=[Name(id='j'), Num(n=0)])))],
                    value=Call(func=Name(id='trsm'),
                        args=[
                            Subscript(value=Name(id='O'), slice=Index(value=Tuple(elts=[Num(n=0), Num(n=0)]))),
                            Subscript(value=Name(id='I'), slice=Index(value=Tuple(elts=[Name(id='j'), Num(n=0)])))],
                        keywords=[])),
                For(target=Name(id='k'),
                    iter=Call(func=Name(id='range'),
                        args=[Num(n=1), BinOp(left=Name(id='j'), op=Add, right=Num(n=1))],
                        keywords=[]),
                    body=[
                        Assign(
                            targets=[
                                Subscript(value=Name(id='S'),
                                    slice=Index(value=Tuple(elts=[Num(n=1), Name(id='j'), Name(id='k')])))],
                            value=Call(func=Name(id='syrk'),
                                args=[
                                    Subscript(value=Name(id='I'),
                                        slice=Index(value=Tuple(elts=[Name(id='j'), Name(id='k')]))),
                                    Subscript(value=Name(id='O'),
                                        slice=Index(value=Tuple(elts=[Name(id='j'), Num(n=0)]))),
                                    Subscript(value=Name(id='O'),
                                        slice=Index(value=Tuple(elts=[Name(id='k'), Num(n=0)])))],
                                keywords=[]))],
                    orelse=[])],
            orelse=[]),
        For(target=Name(id='i'),
            iter=Call(func=Name(id='range'),
                args=[Num(n=1), BinOp(left=Name(id='N'), op=Sub, right=Name(id='truncate'))],
                keywords=[]),
            body=[
                Assign(
                    targets=[
                        Subscript(value=Name(id='O'), slice=Index(value=Tuple(elts=[Name(id='i'), Name(id='i')])))],
                    value=Call(func=Name(id='chol'),
                        args=[
                            Subscript(value=Name(id='S'),
                                slice=Index(value=Tuple(elts=[Name(id='i'), Name(id='i'), Name(id='i')])))],
                        keywords=[])),
                For(target=Name(id='j'),
                    iter=Call(func=Name(id='range'),
                        args=[BinOp(left=Name(id='i'), op=Add, right=Num(n=1)),
                            BinOp(left=Name(id='N'), op=Sub, right=Name(id='truncate'))],
                        keywords=[]),
                    body=[
                        Assign(
                            targets=[
                                Subscript(value=Name(id='O'),
                                    slice=Index(value=Tuple(elts=[Name(id='j'), Name(id='i')])))],
                            value=Call(func=Name(id='trsm'),
                                args=[
                                    Subscript(value=Name(id='O'),
                                        slice=Index(value=Tuple(elts=[Name(id='i'), Name(id='i')]))),
                                    Subscript(value=Name(id='S'),
                                        slice=Index(value=Tuple(elts=[Name(id='i'), Name(id='j'), Name(id='i')])))],
                                keywords=[])),
                        For(target=Name(id='k'),
                            iter=Call(func=Name(id='range'),
                                args=[BinOp(left=Name(id='i'), op=Add, right=Num(n=1)),
                                    BinOp(left=Name(id='j'), op=Add, right=Num(n=1))],
                                keywords=[]),
                            body=[
                                Assign(
                                    targets=[
                                        Subscript(value=Name(id='S'),
                                            slice=Index(
                                                value=Tuple(
                                                    elts=[BinOp(left=Name(id='i'), op=Add, right=Num(n=1)),
                                                        Name(id='j'),
                                                        Name(id='k')])))],
                                    value=Call(func=Name(id='syrk'),
                                        args=[
                                            Subscript(value=Name(id='S'),
                                                slice=Index(value=Tuple(elts=[Name(id='i'), Name(id='j'), Name(id='k')]),
                                                    )),
                                            Subscript(value=Name(id='O'),
                                                slice=Index(value=Tuple(elts=[Name(id='j'), Name(id='i')]))),
                                            Subscript(value=Name(id='O'),
                                                slice=Index(value=Tuple(elts=[Name(id='k'), Name(id='i')])))],
                                        keywords=[]))],
                            orelse=[])],
                    orelse=[])],
            orelse=[])],
    decorator_list=[],
    returns=None)

2021-10-12 13:05:17,433 - root - DEBUG - IR AST:
FuncDef(name='CHOLESKY',
    args=['O', 'I', 'S', 'N', 'truncate'],
    body=[
        RemoteCallAbstract(compute=<function chol at 0x7f60f167e290>,
            output=IndexExpr(matrix_name='O', indices=[IntConst(val=0, type=None), IntConst(val=0, type=None)]),
            args=[IndexExpr(matrix_name='I', indices=[IntConst(val=0, type=None), IntConst(val=0, type=None)])],
            kwargs=None,
            type=None),
        For(var='j',
            min=IntConst(val=1, type=None),
            max=BinOp(op='Sub', left=Ref(name='N', type=None), right=Ref(name='truncate', type=None), type=None),
            step=IntConst(val=1, type=None),
            body=[
                RemoteCallAbstract(compute=<function trsm at 0x7f60f167e560>,
                    output=IndexExpr(matrix_name='O', indices=[Ref(name='j', type=None), IntConst(val=0, type=None)]),
                    args=[
                        IndexExpr(matrix_name='O', indices=[IntConst(val=0, type=None), IntConst(val=0, type=None)]),
                        IndexExpr(matrix_name='I', indices=[Ref(name='j', type=None), IntConst(val=0, type=None)])],
                    kwargs=None,
                    type=None),
                For(var='k',
                    min=IntConst(val=1, type=None),
                    max=BinOp(op='Add', left=Ref(name='j', type=None), right=IntConst(val=1, type=None), type=None),
                    step=IntConst(val=1, type=None),
                    body=[
                        RemoteCallAbstract(compute=<function syrk at 0x7f60f167e170>,
                            output=IndexExpr(matrix_name='S',
                                indices=[IntConst(val=1, type=None),
                                    Ref(name='j', type=None),
                                    Ref(name='k', type=None)]),
                            args=[
                                IndexExpr(matrix_name='I',
                                    indices=[Ref(name='j', type=None), Ref(name='k', type=None)]),
                                IndexExpr(matrix_name='O',
                                    indices=[Ref(name='j', type=None), IntConst(val=0, type=None)]),
                                IndexExpr(matrix_name='O',
                                    indices=[Ref(name='k', type=None), IntConst(val=0, type=None)])],
                            kwargs=None,
                            type=None)])]),
        For(var='i',
            min=IntConst(val=1, type=None),
            max=BinOp(op='Sub', left=Ref(name='N', type=None), right=Ref(name='truncate', type=None), type=None),
            step=IntConst(val=1, type=None),
            body=[
                RemoteCallAbstract(compute=<function chol at 0x7f60f167e290>,
                    output=IndexExpr(matrix_name='O', indices=[Ref(name='i', type=None), Ref(name='i', type=None)]),
                    args=[
                        IndexExpr(matrix_name='S',
                            indices=[Ref(name='i', type=None), Ref(name='i', type=None), Ref(name='i', type=None)])],
                    kwargs=None,
                    type=None),
                For(var='j',
                    min=BinOp(op='Add', left=Ref(name='i', type=None), right=IntConst(val=1, type=None), type=None),
                    max=BinOp(op='Sub',
                        left=Ref(name='N', type=None),
                        right=Ref(name='truncate', type=None),
                        type=None),
                    step=IntConst(val=1, type=None),
                    body=[
                        RemoteCallAbstract(compute=<function trsm at 0x7f60f167e560>,
                            output=IndexExpr(matrix_name='O',
                                indices=[Ref(name='j', type=None), Ref(name='i', type=None)]),
                            args=[
                                IndexExpr(matrix_name='O',
                                    indices=[Ref(name='i', type=None), Ref(name='i', type=None)]),
                                IndexExpr(matrix_name='S',
                                    indices=[Ref(name='i', type=None),
                                        Ref(name='j', type=None),
                                        Ref(name='i', type=None)])],
                            kwargs=None,
                            type=None),
                        For(var='k',
                            min=BinOp(op='Add',
                                left=Ref(name='i', type=None),
                                right=IntConst(val=1, type=None),
                                type=None),
                            max=BinOp(op='Add',
                                left=Ref(name='j', type=None),
                                right=IntConst(val=1, type=None),
                                type=None),
                            step=IntConst(val=1, type=None),
                            body=[
                                RemoteCallAbstract(compute=<function syrk at 0x7f60f167e170>,
                                    output=IndexExpr(matrix_name='S',
                                        indices=[
                                            BinOp(op='Add',
                                                left=Ref(name='i', type=None),
                                                right=IntConst(val=1, type=None),
                                                type=None),
                                            Ref(name='j', type=None),
                                            Ref(name='k', type=None)]),
                                    args=[
                                        IndexExpr(matrix_name='S',
                                            indices=[Ref(name='i', type=None),
                                                Ref(name='j', type=None),
                                                Ref(name='k', type=None)]),
                                        IndexExpr(matrix_name='O',
                                            indices=[Ref(name='j', type=None), Ref(name='i', type=None)]),
                                        IndexExpr(matrix_name='O',
                                            indices=[Ref(name='k', type=None), Ref(name='i', type=None)])],
                                    kwargs=None,
                                    type=None)])])])],
    arg_types=[<class 'numpywren.matrix.BigMatrix'>,
        <class 'numpywren.matrix.BigMatrix'>,
        <class 'numpywren.matrix.BigMatrix'>,
        <class 'int'>,
        <class 'int'>])

2021-10-12 13:05:17,434 - root - DEBUG - typed IR AST:
FuncDef(name='CHOLESKY',
    args=['O', 'I', 'S', 'N', 'truncate'],
    body=[
        RemoteCallAbstract(compute=<function chol at 0x7f60f167e290>,
            output=[
                IndexExpr(matrix_name='O',
                    indices=[IntConst(val=0, type=<class 'numpywren.frontend.ConstIntType'>),
                        IntConst(val=0, type=<class 'numpywren.frontend.ConstIntType'>)])],
            args=[
                IndexExpr(matrix_name='I',
                    indices=[IntConst(val=0, type=<class 'numpywren.frontend.ConstIntType'>),
                        IntConst(val=0, type=<class 'numpywren.frontend.ConstIntType'>)])],
            kwargs=None,
            type=<class 'type'>),
        For(var='j',
            min=IntConst(val=1, type=<class 'numpywren.frontend.ConstIntType'>),
            max=BinOp(op='Sub',
                left=Ref(name='N', type=<class 'numpywren.frontend.ConstIntType'>),
                right=Ref(name='truncate', type=<class 'numpywren.frontend.ConstIntType'>),
                type=<class 'numpywren.frontend.ConstIntType'>),
            step=IntConst(val=1, type=<class 'numpywren.frontend.ConstIntType'>),
            body=[
                RemoteCallAbstract(compute=<function trsm at 0x7f60f167e560>,
                    output=[
                        IndexExpr(matrix_name='O',
                            indices=[Ref(name='j', type=<class 'numpywren.frontend.LinearIntType'>),
                                IntConst(val=0, type=<class 'numpywren.frontend.ConstIntType'>)])],
                    args=[
                        IndexExpr(matrix_name='O',
                            indices=[IntConst(val=0, type=<class 'numpywren.frontend.ConstIntType'>),
                                IntConst(val=0, type=<class 'numpywren.frontend.ConstIntType'>)]),
                        IndexExpr(matrix_name='I',
                            indices=[Ref(name='j', type=<class 'numpywren.frontend.LinearIntType'>),
                                IntConst(val=0, type=<class 'numpywren.frontend.ConstIntType'>)])],
                    kwargs=None,
                    type=<class 'type'>),
                For(var='k',
                    min=IntConst(val=1, type=<class 'numpywren.frontend.ConstIntType'>),
                    max=BinOp(op='Add',
                        left=Ref(name='j', type=<class 'numpywren.frontend.LinearIntType'>),
                        right=IntConst(val=1, type=<class 'numpywren.frontend.ConstIntType'>),
                        type=<class 'numpywren.frontend.LinearIntType'>),
                    step=IntConst(val=1, type=<class 'numpywren.frontend.ConstIntType'>),
                    body=[
                        RemoteCallAbstract(compute=<function syrk at 0x7f60f167e170>,
                            output=[
                                IndexExpr(matrix_name='S',
                                    indices=[IntConst(val=1, type=<class 'numpywren.frontend.ConstIntType'>),
                                        Ref(name='j', type=<class 'numpywren.frontend.LinearIntType'>),
                                        Ref(name='k', type=<class 'numpywren.frontend.LinearIntType'>)])],
                            args=[
                                IndexExpr(matrix_name='I',
                                    indices=[Ref(name='j', type=<class 'numpywren.frontend.LinearIntType'>),
                                        Ref(name='k', type=<class 'numpywren.frontend.LinearIntType'>)]),
                                IndexExpr(matrix_name='O',
                                    indices=[Ref(name='j', type=<class 'numpywren.frontend.LinearIntType'>),
                                        IntConst(val=0, type=<class 'numpywren.frontend.ConstIntType'>)]),
                                IndexExpr(matrix_name='O',
                                    indices=[Ref(name='k', type=<class 'numpywren.frontend.LinearIntType'>),
                                        IntConst(val=0, type=<class 'numpywren.frontend.ConstIntType'>)])],
                            kwargs=None,
                            type=<class 'type'>)])]),
        For(var='i',
            min=IntConst(val=1, type=<class 'numpywren.frontend.ConstIntType'>),
            max=BinOp(op='Sub',
                left=Ref(name='N', type=<class 'numpywren.frontend.ConstIntType'>),
                right=Ref(name='truncate', type=<class 'numpywren.frontend.ConstIntType'>),
                type=<class 'numpywren.frontend.ConstIntType'>),
            step=IntConst(val=1, type=<class 'numpywren.frontend.ConstIntType'>),
            body=[
                RemoteCallAbstract(compute=<function chol at 0x7f60f167e290>,
                    output=[
                        IndexExpr(matrix_name='O',
                            indices=[Ref(name='i', type=<class 'numpywren.frontend.LinearIntType'>),
                                Ref(name='i', type=<class 'numpywren.frontend.LinearIntType'>)])],
                    args=[
                        IndexExpr(matrix_name='S',
                            indices=[Ref(name='i', type=<class 'numpywren.frontend.LinearIntType'>),
                                Ref(name='i', type=<class 'numpywren.frontend.LinearIntType'>),
                                Ref(name='i', type=<class 'numpywren.frontend.LinearIntType'>)])],
                    kwargs=None,
                    type=<class 'type'>),
                For(var='j',
                    min=BinOp(op='Add',
                        left=Ref(name='i', type=<class 'numpywren.frontend.LinearIntType'>),
                        right=IntConst(val=1, type=<class 'numpywren.frontend.ConstIntType'>),
                        type=<class 'numpywren.frontend.LinearIntType'>),
                    max=BinOp(op='Sub',
                        left=Ref(name='N', type=<class 'numpywren.frontend.ConstIntType'>),
                        right=Ref(name='truncate', type=<class 'numpywren.frontend.ConstIntType'>),
                        type=<class 'numpywren.frontend.ConstIntType'>),
                    step=IntConst(val=1, type=<class 'numpywren.frontend.ConstIntType'>),
                    body=[
                        RemoteCallAbstract(compute=<function trsm at 0x7f60f167e560>,
                            output=[
                                IndexExpr(matrix_name='O',
                                    indices=[Ref(name='j', type=<class 'numpywren.frontend.LinearIntType'>),
                                        Ref(name='i', type=<class 'numpywren.frontend.LinearIntType'>)])],
                            args=[
                                IndexExpr(matrix_name='O',
                                    indices=[Ref(name='i', type=<class 'numpywren.frontend.LinearIntType'>),
                                        Ref(name='i', type=<class 'numpywren.frontend.LinearIntType'>)]),
                                IndexExpr(matrix_name='S',
                                    indices=[Ref(name='i', type=<class 'numpywren.frontend.LinearIntType'>),
                                        Ref(name='j', type=<class 'numpywren.frontend.LinearIntType'>),
                                        Ref(name='i', type=<class 'numpywren.frontend.LinearIntType'>)])],
                            kwargs=None,
                            type=<class 'type'>),
                        For(var='k',
                            min=BinOp(op='Add',
                                left=Ref(name='i', type=<class 'numpywren.frontend.LinearIntType'>),
                                right=IntConst(val=1, type=<class 'numpywren.frontend.ConstIntType'>),
                                type=<class 'numpywren.frontend.LinearIntType'>),
                            max=BinOp(op='Add',
                                left=Ref(name='j', type=<class 'numpywren.frontend.LinearIntType'>),
                                right=IntConst(val=1, type=<class 'numpywren.frontend.ConstIntType'>),
                                type=<class 'numpywren.frontend.LinearIntType'>),
                            step=IntConst(val=1, type=<class 'numpywren.frontend.ConstIntType'>),
                            body=[
                                RemoteCallAbstract(compute=<function syrk at 0x7f60f167e170>,
                                    output=[
                                        IndexExpr(matrix_name='S',
                                            indices=[
                                                BinOp(op='Add',
                                                    left=Ref(name='i', type=<class 'numpywren.frontend.LinearIntType'>),
                                                    right=IntConst(val=1,
                                                        type=<class 'numpywren.frontend.ConstIntType'>),
                                                    type=<class 'numpywren.frontend.LinearIntType'>),
                                                Ref(name='j', type=<class 'numpywren.frontend.LinearIntType'>),
                                                Ref(name='k', type=<class 'numpywren.frontend.LinearIntType'>)])],
                                    args=[
                                        IndexExpr(matrix_name='S',
                                            indices=[Ref(name='i', type=<class 'numpywren.frontend.LinearIntType'>),
                                                Ref(name='j', type=<class 'numpywren.frontend.LinearIntType'>),
                                                Ref(name='k', type=<class 'numpywren.frontend.LinearIntType'>)]),
                                        IndexExpr(matrix_name='O',
                                            indices=[Ref(name='j', type=<class 'numpywren.frontend.LinearIntType'>),
                                                Ref(name='i', type=<class 'numpywren.frontend.LinearIntType'>)]),
                                        IndexExpr(matrix_name='O',
                                            indices=[Ref(name='k', type=<class 'numpywren.frontend.LinearIntType'>),
                                                Ref(name='i', type=<class 'numpywren.frontend.LinearIntType'>)])],
                                    kwargs=None,
                                    type=<class 'type'>)])])])],
    arg_types=[<class 'numpywren.frontend.BigMatrixType'>,
        <class 'numpywren.frontend.BigMatrixType'>,
        <class 'numpywren.frontend.BigMatrixType'>,
        <class 'numpywren.frontend.ConstIntType'>,
        <class 'numpywren.frontend.ConstIntType'>])

2021-10-12 13:07:11,503 - root - INFO - Starting with 4 cores
2021-10-12 13:12:07,112 - root - DEBUG - 7: Up Workers: 0, Busy Workers: 3
2021-10-12 13:36:39,876 - root - INFO - Logging to d447409d856c6a468171bd51d5260406.log
2021-10-12 13:38:26,474 - root - DEBUG - Python AST:
FunctionDef(name='CHOLESKY',
    args=arguments(
        args=[arg(arg='O', annotation=Name(id='BigMatrix')),
            arg(arg='I', annotation=Name(id='BigMatrix')),
            arg(arg='S', annotation=Name(id='BigMatrix')),
            arg(arg='N', annotation=Name(id='int')),
            arg(arg='truncate', annotation=Name(id='int'))],
        vararg=None,
        kwonlyargs=[],
        kw_defaults=[],
        kwarg=None,
        defaults=[]),
    body=[
        Assign(
            targets=[Subscript(value=Name(id='O'), slice=Index(value=Tuple(elts=[Num(n=0), Num(n=0)])))],
            value=Call(func=Name(id='chol'),
                args=[Subscript(value=Name(id='I'), slice=Index(value=Tuple(elts=[Num(n=0), Num(n=0)])))],
                keywords=[])),
        For(target=Name(id='j'),
            iter=Call(func=Name(id='range'),
                args=[Num(n=1), BinOp(left=Name(id='N'), op=Sub, right=Name(id='truncate'))],
                keywords=[]),
            body=[
                Assign(
                    targets=[Subscript(value=Name(id='O'), slice=Index(value=Tuple(elts=[Name(id='j'), Num(n=0)])))],
                    value=Call(func=Name(id='trsm'),
                        args=[
                            Subscript(value=Name(id='O'), slice=Index(value=Tuple(elts=[Num(n=0), Num(n=0)]))),
                            Subscript(value=Name(id='I'), slice=Index(value=Tuple(elts=[Name(id='j'), Num(n=0)])))],
                        keywords=[])),
                For(target=Name(id='k'),
                    iter=Call(func=Name(id='range'),
                        args=[Num(n=1), BinOp(left=Name(id='j'), op=Add, right=Num(n=1))],
                        keywords=[]),
                    body=[
                        Assign(
                            targets=[
                                Subscript(value=Name(id='S'),
                                    slice=Index(value=Tuple(elts=[Num(n=1), Name(id='j'), Name(id='k')])))],
                            value=Call(func=Name(id='syrk'),
                                args=[
                                    Subscript(value=Name(id='I'),
                                        slice=Index(value=Tuple(elts=[Name(id='j'), Name(id='k')]))),
                                    Subscript(value=Name(id='O'),
                                        slice=Index(value=Tuple(elts=[Name(id='j'), Num(n=0)]))),
                                    Subscript(value=Name(id='O'),
                                        slice=Index(value=Tuple(elts=[Name(id='k'), Num(n=0)])))],
                                keywords=[]))],
                    orelse=[])],
            orelse=[]),
        For(target=Name(id='i'),
            iter=Call(func=Name(id='range'),
                args=[Num(n=1), BinOp(left=Name(id='N'), op=Sub, right=Name(id='truncate'))],
                keywords=[]),
            body=[
                Assign(
                    targets=[
                        Subscript(value=Name(id='O'), slice=Index(value=Tuple(elts=[Name(id='i'), Name(id='i')])))],
                    value=Call(func=Name(id='chol'),
                        args=[
                            Subscript(value=Name(id='S'),
                                slice=Index(value=Tuple(elts=[Name(id='i'), Name(id='i'), Name(id='i')])))],
                        keywords=[])),
                For(target=Name(id='j'),
                    iter=Call(func=Name(id='range'),
                        args=[BinOp(left=Name(id='i'), op=Add, right=Num(n=1)),
                            BinOp(left=Name(id='N'), op=Sub, right=Name(id='truncate'))],
                        keywords=[]),
                    body=[
                        Assign(
                            targets=[
                                Subscript(value=Name(id='O'),
                                    slice=Index(value=Tuple(elts=[Name(id='j'), Name(id='i')])))],
                            value=Call(func=Name(id='trsm'),
                                args=[
                                    Subscript(value=Name(id='O'),
                                        slice=Index(value=Tuple(elts=[Name(id='i'), Name(id='i')]))),
                                    Subscript(value=Name(id='S'),
                                        slice=Index(value=Tuple(elts=[Name(id='i'), Name(id='j'), Name(id='i')])))],
                                keywords=[])),
                        For(target=Name(id='k'),
                            iter=Call(func=Name(id='range'),
                                args=[BinOp(left=Name(id='i'), op=Add, right=Num(n=1)),
                                    BinOp(left=Name(id='j'), op=Add, right=Num(n=1))],
                                keywords=[]),
                            body=[
                                Assign(
                                    targets=[
                                        Subscript(value=Name(id='S'),
                                            slice=Index(
                                                value=Tuple(
                                                    elts=[BinOp(left=Name(id='i'), op=Add, right=Num(n=1)),
                                                        Name(id='j'),
                                                        Name(id='k')])))],
                                    value=Call(func=Name(id='syrk'),
                                        args=[
                                            Subscript(value=Name(id='S'),
                                                slice=Index(value=Tuple(elts=[Name(id='i'), Name(id='j'), Name(id='k')]),
                                                    )),
                                            Subscript(value=Name(id='O'),
                                                slice=Index(value=Tuple(elts=[Name(id='j'), Name(id='i')]))),
                                            Subscript(value=Name(id='O'),
                                                slice=Index(value=Tuple(elts=[Name(id='k'), Name(id='i')])))],
                                        keywords=[]))],
                            orelse=[])],
                    orelse=[])],
            orelse=[])],
    decorator_list=[],
    returns=None)

2021-10-12 13:38:26,475 - root - DEBUG - IR AST:
FuncDef(name='CHOLESKY',
    args=['O', 'I', 'S', 'N', 'truncate'],
    body=[
        RemoteCallAbstract(compute=<function chol at 0x7f5967243290>,
            output=IndexExpr(matrix_name='O', indices=[IntConst(val=0, type=None), IntConst(val=0, type=None)]),
            args=[IndexExpr(matrix_name='I', indices=[IntConst(val=0, type=None), IntConst(val=0, type=None)])],
            kwargs=None,
            type=None),
        For(var='j',
            min=IntConst(val=1, type=None),
            max=BinOp(op='Sub', left=Ref(name='N', type=None), right=Ref(name='truncate', type=None), type=None),
            step=IntConst(val=1, type=None),
            body=[
                RemoteCallAbstract(compute=<function trsm at 0x7f5967243560>,
                    output=IndexExpr(matrix_name='O', indices=[Ref(name='j', type=None), IntConst(val=0, type=None)]),
                    args=[
                        IndexExpr(matrix_name='O', indices=[IntConst(val=0, type=None), IntConst(val=0, type=None)]),
                        IndexExpr(matrix_name='I', indices=[Ref(name='j', type=None), IntConst(val=0, type=None)])],
                    kwargs=None,
                    type=None),
                For(var='k',
                    min=IntConst(val=1, type=None),
                    max=BinOp(op='Add', left=Ref(name='j', type=None), right=IntConst(val=1, type=None), type=None),
                    step=IntConst(val=1, type=None),
                    body=[
                        RemoteCallAbstract(compute=<function syrk at 0x7f5967243170>,
                            output=IndexExpr(matrix_name='S',
                                indices=[IntConst(val=1, type=None),
                                    Ref(name='j', type=None),
                                    Ref(name='k', type=None)]),
                            args=[
                                IndexExpr(matrix_name='I',
                                    indices=[Ref(name='j', type=None), Ref(name='k', type=None)]),
                                IndexExpr(matrix_name='O',
                                    indices=[Ref(name='j', type=None), IntConst(val=0, type=None)]),
                                IndexExpr(matrix_name='O',
                                    indices=[Ref(name='k', type=None), IntConst(val=0, type=None)])],
                            kwargs=None,
                            type=None)])]),
        For(var='i',
            min=IntConst(val=1, type=None),
            max=BinOp(op='Sub', left=Ref(name='N', type=None), right=Ref(name='truncate', type=None), type=None),
            step=IntConst(val=1, type=None),
            body=[
                RemoteCallAbstract(compute=<function chol at 0x7f5967243290>,
                    output=IndexExpr(matrix_name='O', indices=[Ref(name='i', type=None), Ref(name='i', type=None)]),
                    args=[
                        IndexExpr(matrix_name='S',
                            indices=[Ref(name='i', type=None), Ref(name='i', type=None), Ref(name='i', type=None)])],
                    kwargs=None,
                    type=None),
                For(var='j',
                    min=BinOp(op='Add', left=Ref(name='i', type=None), right=IntConst(val=1, type=None), type=None),
                    max=BinOp(op='Sub',
                        left=Ref(name='N', type=None),
                        right=Ref(name='truncate', type=None),
                        type=None),
                    step=IntConst(val=1, type=None),
                    body=[
                        RemoteCallAbstract(compute=<function trsm at 0x7f5967243560>,
                            output=IndexExpr(matrix_name='O',
                                indices=[Ref(name='j', type=None), Ref(name='i', type=None)]),
                            args=[
                                IndexExpr(matrix_name='O',
                                    indices=[Ref(name='i', type=None), Ref(name='i', type=None)]),
                                IndexExpr(matrix_name='S',
                                    indices=[Ref(name='i', type=None),
                                        Ref(name='j', type=None),
                                        Ref(name='i', type=None)])],
                            kwargs=None,
                            type=None),
                        For(var='k',
                            min=BinOp(op='Add',
                                left=Ref(name='i', type=None),
                                right=IntConst(val=1, type=None),
                                type=None),
                            max=BinOp(op='Add',
                                left=Ref(name='j', type=None),
                                right=IntConst(val=1, type=None),
                                type=None),
                            step=IntConst(val=1, type=None),
                            body=[
                                RemoteCallAbstract(compute=<function syrk at 0x7f5967243170>,
                                    output=IndexExpr(matrix_name='S',
                                        indices=[
                                            BinOp(op='Add',
                                                left=Ref(name='i', type=None),
                                                right=IntConst(val=1, type=None),
                                                type=None),
                                            Ref(name='j', type=None),
                                            Ref(name='k', type=None)]),
                                    args=[
                                        IndexExpr(matrix_name='S',
                                            indices=[Ref(name='i', type=None),
                                                Ref(name='j', type=None),
                                                Ref(name='k', type=None)]),
                                        IndexExpr(matrix_name='O',
                                            indices=[Ref(name='j', type=None), Ref(name='i', type=None)]),
                                        IndexExpr(matrix_name='O',
                                            indices=[Ref(name='k', type=None), Ref(name='i', type=None)])],
                                    kwargs=None,
                                    type=None)])])])],
    arg_types=[<class 'numpywren.matrix.BigMatrix'>,
        <class 'numpywren.matrix.BigMatrix'>,
        <class 'numpywren.matrix.BigMatrix'>,
        <class 'int'>,
        <class 'int'>])

2021-10-12 13:38:26,476 - root - DEBUG - typed IR AST:
FuncDef(name='CHOLESKY',
    args=['O', 'I', 'S', 'N', 'truncate'],
    body=[
        RemoteCallAbstract(compute=<function chol at 0x7f5967243290>,
            output=[
                IndexExpr(matrix_name='O',
                    indices=[IntConst(val=0, type=<class 'numpywren.frontend.ConstIntType'>),
                        IntConst(val=0, type=<class 'numpywren.frontend.ConstIntType'>)])],
            args=[
                IndexExpr(matrix_name='I',
                    indices=[IntConst(val=0, type=<class 'numpywren.frontend.ConstIntType'>),
                        IntConst(val=0, type=<class 'numpywren.frontend.ConstIntType'>)])],
            kwargs=None,
            type=<class 'type'>),
        For(var='j',
            min=IntConst(val=1, type=<class 'numpywren.frontend.ConstIntType'>),
            max=BinOp(op='Sub',
                left=Ref(name='N', type=<class 'numpywren.frontend.ConstIntType'>),
                right=Ref(name='truncate', type=<class 'numpywren.frontend.ConstIntType'>),
                type=<class 'numpywren.frontend.ConstIntType'>),
            step=IntConst(val=1, type=<class 'numpywren.frontend.ConstIntType'>),
            body=[
                RemoteCallAbstract(compute=<function trsm at 0x7f5967243560>,
                    output=[
                        IndexExpr(matrix_name='O',
                            indices=[Ref(name='j', type=<class 'numpywren.frontend.LinearIntType'>),
                                IntConst(val=0, type=<class 'numpywren.frontend.ConstIntType'>)])],
                    args=[
                        IndexExpr(matrix_name='O',
                            indices=[IntConst(val=0, type=<class 'numpywren.frontend.ConstIntType'>),
                                IntConst(val=0, type=<class 'numpywren.frontend.ConstIntType'>)]),
                        IndexExpr(matrix_name='I',
                            indices=[Ref(name='j', type=<class 'numpywren.frontend.LinearIntType'>),
                                IntConst(val=0, type=<class 'numpywren.frontend.ConstIntType'>)])],
                    kwargs=None,
                    type=<class 'type'>),
                For(var='k',
                    min=IntConst(val=1, type=<class 'numpywren.frontend.ConstIntType'>),
                    max=BinOp(op='Add',
                        left=Ref(name='j', type=<class 'numpywren.frontend.LinearIntType'>),
                        right=IntConst(val=1, type=<class 'numpywren.frontend.ConstIntType'>),
                        type=<class 'numpywren.frontend.LinearIntType'>),
                    step=IntConst(val=1, type=<class 'numpywren.frontend.ConstIntType'>),
                    body=[
                        RemoteCallAbstract(compute=<function syrk at 0x7f5967243170>,
                            output=[
                                IndexExpr(matrix_name='S',
                                    indices=[IntConst(val=1, type=<class 'numpywren.frontend.ConstIntType'>),
                                        Ref(name='j', type=<class 'numpywren.frontend.LinearIntType'>),
                                        Ref(name='k', type=<class 'numpywren.frontend.LinearIntType'>)])],
                            args=[
                                IndexExpr(matrix_name='I',
                                    indices=[Ref(name='j', type=<class 'numpywren.frontend.LinearIntType'>),
                                        Ref(name='k', type=<class 'numpywren.frontend.LinearIntType'>)]),
                                IndexExpr(matrix_name='O',
                                    indices=[Ref(name='j', type=<class 'numpywren.frontend.LinearIntType'>),
                                        IntConst(val=0, type=<class 'numpywren.frontend.ConstIntType'>)]),
                                IndexExpr(matrix_name='O',
                                    indices=[Ref(name='k', type=<class 'numpywren.frontend.LinearIntType'>),
                                        IntConst(val=0, type=<class 'numpywren.frontend.ConstIntType'>)])],
                            kwargs=None,
                            type=<class 'type'>)])]),
        For(var='i',
            min=IntConst(val=1, type=<class 'numpywren.frontend.ConstIntType'>),
            max=BinOp(op='Sub',
                left=Ref(name='N', type=<class 'numpywren.frontend.ConstIntType'>),
                right=Ref(name='truncate', type=<class 'numpywren.frontend.ConstIntType'>),
                type=<class 'numpywren.frontend.ConstIntType'>),
            step=IntConst(val=1, type=<class 'numpywren.frontend.ConstIntType'>),
            body=[
                RemoteCallAbstract(compute=<function chol at 0x7f5967243290>,
                    output=[
                        IndexExpr(matrix_name='O',
                            indices=[Ref(name='i', type=<class 'numpywren.frontend.LinearIntType'>),
                                Ref(name='i', type=<class 'numpywren.frontend.LinearIntType'>)])],
                    args=[
                        IndexExpr(matrix_name='S',
                            indices=[Ref(name='i', type=<class 'numpywren.frontend.LinearIntType'>),
                                Ref(name='i', type=<class 'numpywren.frontend.LinearIntType'>),
                                Ref(name='i', type=<class 'numpywren.frontend.LinearIntType'>)])],
                    kwargs=None,
                    type=<class 'type'>),
                For(var='j',
                    min=BinOp(op='Add',
                        left=Ref(name='i', type=<class 'numpywren.frontend.LinearIntType'>),
                        right=IntConst(val=1, type=<class 'numpywren.frontend.ConstIntType'>),
                        type=<class 'numpywren.frontend.LinearIntType'>),
                    max=BinOp(op='Sub',
                        left=Ref(name='N', type=<class 'numpywren.frontend.ConstIntType'>),
                        right=Ref(name='truncate', type=<class 'numpywren.frontend.ConstIntType'>),
                        type=<class 'numpywren.frontend.ConstIntType'>),
                    step=IntConst(val=1, type=<class 'numpywren.frontend.ConstIntType'>),
                    body=[
                        RemoteCallAbstract(compute=<function trsm at 0x7f5967243560>,
                            output=[
                                IndexExpr(matrix_name='O',
                                    indices=[Ref(name='j', type=<class 'numpywren.frontend.LinearIntType'>),
                                        Ref(name='i', type=<class 'numpywren.frontend.LinearIntType'>)])],
                            args=[
                                IndexExpr(matrix_name='O',
                                    indices=[Ref(name='i', type=<class 'numpywren.frontend.LinearIntType'>),
                                        Ref(name='i', type=<class 'numpywren.frontend.LinearIntType'>)]),
                                IndexExpr(matrix_name='S',
                                    indices=[Ref(name='i', type=<class 'numpywren.frontend.LinearIntType'>),
                                        Ref(name='j', type=<class 'numpywren.frontend.LinearIntType'>),
                                        Ref(name='i', type=<class 'numpywren.frontend.LinearIntType'>)])],
                            kwargs=None,
                            type=<class 'type'>),
                        For(var='k',
                            min=BinOp(op='Add',
                                left=Ref(name='i', type=<class 'numpywren.frontend.LinearIntType'>),
                                right=IntConst(val=1, type=<class 'numpywren.frontend.ConstIntType'>),
                                type=<class 'numpywren.frontend.LinearIntType'>),
                            max=BinOp(op='Add',
                                left=Ref(name='j', type=<class 'numpywren.frontend.LinearIntType'>),
                                right=IntConst(val=1, type=<class 'numpywren.frontend.ConstIntType'>),
                                type=<class 'numpywren.frontend.LinearIntType'>),
                            step=IntConst(val=1, type=<class 'numpywren.frontend.ConstIntType'>),
                            body=[
                                RemoteCallAbstract(compute=<function syrk at 0x7f5967243170>,
                                    output=[
                                        IndexExpr(matrix_name='S',
                                            indices=[
                                                BinOp(op='Add',
                                                    left=Ref(name='i', type=<class 'numpywren.frontend.LinearIntType'>),
                                                    right=IntConst(val=1,
                                                        type=<class 'numpywren.frontend.ConstIntType'>),
                                                    type=<class 'numpywren.frontend.LinearIntType'>),
                                                Ref(name='j', type=<class 'numpywren.frontend.LinearIntType'>),
                                                Ref(name='k', type=<class 'numpywren.frontend.LinearIntType'>)])],
                                    args=[
                                        IndexExpr(matrix_name='S',
                                            indices=[Ref(name='i', type=<class 'numpywren.frontend.LinearIntType'>),
                                                Ref(name='j', type=<class 'numpywren.frontend.LinearIntType'>),
                                                Ref(name='k', type=<class 'numpywren.frontend.LinearIntType'>)]),
                                        IndexExpr(matrix_name='O',
                                            indices=[Ref(name='j', type=<class 'numpywren.frontend.LinearIntType'>),
                                                Ref(name='i', type=<class 'numpywren.frontend.LinearIntType'>)]),
                                        IndexExpr(matrix_name='O',
                                            indices=[Ref(name='k', type=<class 'numpywren.frontend.LinearIntType'>),
                                                Ref(name='i', type=<class 'numpywren.frontend.LinearIntType'>)])],
                                    kwargs=None,
                                    type=<class 'type'>)])])])],
    arg_types=[<class 'numpywren.frontend.BigMatrixType'>,
        <class 'numpywren.frontend.BigMatrixType'>,
        <class 'numpywren.frontend.BigMatrixType'>,
        <class 'numpywren.frontend.ConstIntType'>,
        <class 'numpywren.frontend.ConstIntType'>])

2021-10-12 13:46:45,936 - root - INFO - Starting with 4 cores
2021-10-12 13:52:02,772 - root - DEBUG - 7: Up Workers: 0, Busy Workers: 3
2021-10-12 13:56:30,052 - root - INFO - Logging to d447409d856c6a468171bd51d5260406.log
2021-10-12 13:58:08,793 - root - DEBUG - Python AST:
FunctionDef(name='CHOLESKY',
    args=arguments(
        args=[arg(arg='O', annotation=Name(id='BigMatrix')),
            arg(arg='I', annotation=Name(id='BigMatrix')),
            arg(arg='S', annotation=Name(id='BigMatrix')),
            arg(arg='N', annotation=Name(id='int')),
            arg(arg='truncate', annotation=Name(id='int'))],
        vararg=None,
        kwonlyargs=[],
        kw_defaults=[],
        kwarg=None,
        defaults=[]),
    body=[
        Assign(
            targets=[Subscript(value=Name(id='O'), slice=Index(value=Tuple(elts=[Num(n=0), Num(n=0)])))],
            value=Call(func=Name(id='chol'),
                args=[Subscript(value=Name(id='I'), slice=Index(value=Tuple(elts=[Num(n=0), Num(n=0)])))],
                keywords=[])),
        For(target=Name(id='j'),
            iter=Call(func=Name(id='range'),
                args=[Num(n=1), BinOp(left=Name(id='N'), op=Sub, right=Name(id='truncate'))],
                keywords=[]),
            body=[
                Assign(
                    targets=[Subscript(value=Name(id='O'), slice=Index(value=Tuple(elts=[Name(id='j'), Num(n=0)])))],
                    value=Call(func=Name(id='trsm'),
                        args=[
                            Subscript(value=Name(id='O'), slice=Index(value=Tuple(elts=[Num(n=0), Num(n=0)]))),
                            Subscript(value=Name(id='I'), slice=Index(value=Tuple(elts=[Name(id='j'), Num(n=0)])))],
                        keywords=[])),
                For(target=Name(id='k'),
                    iter=Call(func=Name(id='range'),
                        args=[Num(n=1), BinOp(left=Name(id='j'), op=Add, right=Num(n=1))],
                        keywords=[]),
                    body=[
                        Assign(
                            targets=[
                                Subscript(value=Name(id='S'),
                                    slice=Index(value=Tuple(elts=[Num(n=1), Name(id='j'), Name(id='k')])))],
                            value=Call(func=Name(id='syrk'),
                                args=[
                                    Subscript(value=Name(id='I'),
                                        slice=Index(value=Tuple(elts=[Name(id='j'), Name(id='k')]))),
                                    Subscript(value=Name(id='O'),
                                        slice=Index(value=Tuple(elts=[Name(id='j'), Num(n=0)]))),
                                    Subscript(value=Name(id='O'),
                                        slice=Index(value=Tuple(elts=[Name(id='k'), Num(n=0)])))],
                                keywords=[]))],
                    orelse=[])],
            orelse=[]),
        For(target=Name(id='i'),
            iter=Call(func=Name(id='range'),
                args=[Num(n=1), BinOp(left=Name(id='N'), op=Sub, right=Name(id='truncate'))],
                keywords=[]),
            body=[
                Assign(
                    targets=[
                        Subscript(value=Name(id='O'), slice=Index(value=Tuple(elts=[Name(id='i'), Name(id='i')])))],
                    value=Call(func=Name(id='chol'),
                        args=[
                            Subscript(value=Name(id='S'),
                                slice=Index(value=Tuple(elts=[Name(id='i'), Name(id='i'), Name(id='i')])))],
                        keywords=[])),
                For(target=Name(id='j'),
                    iter=Call(func=Name(id='range'),
                        args=[BinOp(left=Name(id='i'), op=Add, right=Num(n=1)),
                            BinOp(left=Name(id='N'), op=Sub, right=Name(id='truncate'))],
                        keywords=[]),
                    body=[
                        Assign(
                            targets=[
                                Subscript(value=Name(id='O'),
                                    slice=Index(value=Tuple(elts=[Name(id='j'), Name(id='i')])))],
                            value=Call(func=Name(id='trsm'),
                                args=[
                                    Subscript(value=Name(id='O'),
                                        slice=Index(value=Tuple(elts=[Name(id='i'), Name(id='i')]))),
                                    Subscript(value=Name(id='S'),
                                        slice=Index(value=Tuple(elts=[Name(id='i'), Name(id='j'), Name(id='i')])))],
                                keywords=[])),
                        For(target=Name(id='k'),
                            iter=Call(func=Name(id='range'),
                                args=[BinOp(left=Name(id='i'), op=Add, right=Num(n=1)),
                                    BinOp(left=Name(id='j'), op=Add, right=Num(n=1))],
                                keywords=[]),
                            body=[
                                Assign(
                                    targets=[
                                        Subscript(value=Name(id='S'),
                                            slice=Index(
                                                value=Tuple(
                                                    elts=[BinOp(left=Name(id='i'), op=Add, right=Num(n=1)),
                                                        Name(id='j'),
                                                        Name(id='k')])))],
                                    value=Call(func=Name(id='syrk'),
                                        args=[
                                            Subscript(value=Name(id='S'),
                                                slice=Index(value=Tuple(elts=[Name(id='i'), Name(id='j'), Name(id='k')]),
                                                    )),
                                            Subscript(value=Name(id='O'),
                                                slice=Index(value=Tuple(elts=[Name(id='j'), Name(id='i')]))),
                                            Subscript(value=Name(id='O'),
                                                slice=Index(value=Tuple(elts=[Name(id='k'), Name(id='i')])))],
                                        keywords=[]))],
                            orelse=[])],
                    orelse=[])],
            orelse=[])],
    decorator_list=[],
    returns=None)

2021-10-12 13:58:08,794 - root - DEBUG - IR AST:
FuncDef(name='CHOLESKY',
    args=['O', 'I', 'S', 'N', 'truncate'],
    body=[
        RemoteCallAbstract(compute=<function chol at 0x7f9ca2bcb290>,
            output=IndexExpr(matrix_name='O', indices=[IntConst(val=0, type=None), IntConst(val=0, type=None)]),
            args=[IndexExpr(matrix_name='I', indices=[IntConst(val=0, type=None), IntConst(val=0, type=None)])],
            kwargs=None,
            type=None),
        For(var='j',
            min=IntConst(val=1, type=None),
            max=BinOp(op='Sub', left=Ref(name='N', type=None), right=Ref(name='truncate', type=None), type=None),
            step=IntConst(val=1, type=None),
            body=[
                RemoteCallAbstract(compute=<function trsm at 0x7f9ca2bcb560>,
                    output=IndexExpr(matrix_name='O', indices=[Ref(name='j', type=None), IntConst(val=0, type=None)]),
                    args=[
                        IndexExpr(matrix_name='O', indices=[IntConst(val=0, type=None), IntConst(val=0, type=None)]),
                        IndexExpr(matrix_name='I', indices=[Ref(name='j', type=None), IntConst(val=0, type=None)])],
                    kwargs=None,
                    type=None),
                For(var='k',
                    min=IntConst(val=1, type=None),
                    max=BinOp(op='Add', left=Ref(name='j', type=None), right=IntConst(val=1, type=None), type=None),
                    step=IntConst(val=1, type=None),
                    body=[
                        RemoteCallAbstract(compute=<function syrk at 0x7f9ca2bcb170>,
                            output=IndexExpr(matrix_name='S',
                                indices=[IntConst(val=1, type=None),
                                    Ref(name='j', type=None),
                                    Ref(name='k', type=None)]),
                            args=[
                                IndexExpr(matrix_name='I',
                                    indices=[Ref(name='j', type=None), Ref(name='k', type=None)]),
                                IndexExpr(matrix_name='O',
                                    indices=[Ref(name='j', type=None), IntConst(val=0, type=None)]),
                                IndexExpr(matrix_name='O',
                                    indices=[Ref(name='k', type=None), IntConst(val=0, type=None)])],
                            kwargs=None,
                            type=None)])]),
        For(var='i',
            min=IntConst(val=1, type=None),
            max=BinOp(op='Sub', left=Ref(name='N', type=None), right=Ref(name='truncate', type=None), type=None),
            step=IntConst(val=1, type=None),
            body=[
                RemoteCallAbstract(compute=<function chol at 0x7f9ca2bcb290>,
                    output=IndexExpr(matrix_name='O', indices=[Ref(name='i', type=None), Ref(name='i', type=None)]),
                    args=[
                        IndexExpr(matrix_name='S',
                            indices=[Ref(name='i', type=None), Ref(name='i', type=None), Ref(name='i', type=None)])],
                    kwargs=None,
                    type=None),
                For(var='j',
                    min=BinOp(op='Add', left=Ref(name='i', type=None), right=IntConst(val=1, type=None), type=None),
                    max=BinOp(op='Sub',
                        left=Ref(name='N', type=None),
                        right=Ref(name='truncate', type=None),
                        type=None),
                    step=IntConst(val=1, type=None),
                    body=[
                        RemoteCallAbstract(compute=<function trsm at 0x7f9ca2bcb560>,
                            output=IndexExpr(matrix_name='O',
                                indices=[Ref(name='j', type=None), Ref(name='i', type=None)]),
                            args=[
                                IndexExpr(matrix_name='O',
                                    indices=[Ref(name='i', type=None), Ref(name='i', type=None)]),
                                IndexExpr(matrix_name='S',
                                    indices=[Ref(name='i', type=None),
                                        Ref(name='j', type=None),
                                        Ref(name='i', type=None)])],
                            kwargs=None,
                            type=None),
                        For(var='k',
                            min=BinOp(op='Add',
                                left=Ref(name='i', type=None),
                                right=IntConst(val=1, type=None),
                                type=None),
                            max=BinOp(op='Add',
                                left=Ref(name='j', type=None),
                                right=IntConst(val=1, type=None),
                                type=None),
                            step=IntConst(val=1, type=None),
                            body=[
                                RemoteCallAbstract(compute=<function syrk at 0x7f9ca2bcb170>,
                                    output=IndexExpr(matrix_name='S',
                                        indices=[
                                            BinOp(op='Add',
                                                left=Ref(name='i', type=None),
                                                right=IntConst(val=1, type=None),
                                                type=None),
                                            Ref(name='j', type=None),
                                            Ref(name='k', type=None)]),
                                    args=[
                                        IndexExpr(matrix_name='S',
                                            indices=[Ref(name='i', type=None),
                                                Ref(name='j', type=None),
                                                Ref(name='k', type=None)]),
                                        IndexExpr(matrix_name='O',
                                            indices=[Ref(name='j', type=None), Ref(name='i', type=None)]),
                                        IndexExpr(matrix_name='O',
                                            indices=[Ref(name='k', type=None), Ref(name='i', type=None)])],
                                    kwargs=None,
                                    type=None)])])])],
    arg_types=[<class 'numpywren.matrix.BigMatrix'>,
        <class 'numpywren.matrix.BigMatrix'>,
        <class 'numpywren.matrix.BigMatrix'>,
        <class 'int'>,
        <class 'int'>])

2021-10-12 13:58:08,795 - root - DEBUG - typed IR AST:
FuncDef(name='CHOLESKY',
    args=['O', 'I', 'S', 'N', 'truncate'],
    body=[
        RemoteCallAbstract(compute=<function chol at 0x7f9ca2bcb290>,
            output=[
                IndexExpr(matrix_name='O',
                    indices=[IntConst(val=0, type=<class 'numpywren.frontend.ConstIntType'>),
                        IntConst(val=0, type=<class 'numpywren.frontend.ConstIntType'>)])],
            args=[
                IndexExpr(matrix_name='I',
                    indices=[IntConst(val=0, type=<class 'numpywren.frontend.ConstIntType'>),
                        IntConst(val=0, type=<class 'numpywren.frontend.ConstIntType'>)])],
            kwargs=None,
            type=<class 'type'>),
        For(var='j',
            min=IntConst(val=1, type=<class 'numpywren.frontend.ConstIntType'>),
            max=BinOp(op='Sub',
                left=Ref(name='N', type=<class 'numpywren.frontend.ConstIntType'>),
                right=Ref(name='truncate', type=<class 'numpywren.frontend.ConstIntType'>),
                type=<class 'numpywren.frontend.ConstIntType'>),
            step=IntConst(val=1, type=<class 'numpywren.frontend.ConstIntType'>),
            body=[
                RemoteCallAbstract(compute=<function trsm at 0x7f9ca2bcb560>,
                    output=[
                        IndexExpr(matrix_name='O',
                            indices=[Ref(name='j', type=<class 'numpywren.frontend.LinearIntType'>),
                                IntConst(val=0, type=<class 'numpywren.frontend.ConstIntType'>)])],
                    args=[
                        IndexExpr(matrix_name='O',
                            indices=[IntConst(val=0, type=<class 'numpywren.frontend.ConstIntType'>),
                                IntConst(val=0, type=<class 'numpywren.frontend.ConstIntType'>)]),
                        IndexExpr(matrix_name='I',
                            indices=[Ref(name='j', type=<class 'numpywren.frontend.LinearIntType'>),
                                IntConst(val=0, type=<class 'numpywren.frontend.ConstIntType'>)])],
                    kwargs=None,
                    type=<class 'type'>),
                For(var='k',
                    min=IntConst(val=1, type=<class 'numpywren.frontend.ConstIntType'>),
                    max=BinOp(op='Add',
                        left=Ref(name='j', type=<class 'numpywren.frontend.LinearIntType'>),
                        right=IntConst(val=1, type=<class 'numpywren.frontend.ConstIntType'>),
                        type=<class 'numpywren.frontend.LinearIntType'>),
                    step=IntConst(val=1, type=<class 'numpywren.frontend.ConstIntType'>),
                    body=[
                        RemoteCallAbstract(compute=<function syrk at 0x7f9ca2bcb170>,
                            output=[
                                IndexExpr(matrix_name='S',
                                    indices=[IntConst(val=1, type=<class 'numpywren.frontend.ConstIntType'>),
                                        Ref(name='j', type=<class 'numpywren.frontend.LinearIntType'>),
                                        Ref(name='k', type=<class 'numpywren.frontend.LinearIntType'>)])],
                            args=[
                                IndexExpr(matrix_name='I',
                                    indices=[Ref(name='j', type=<class 'numpywren.frontend.LinearIntType'>),
                                        Ref(name='k', type=<class 'numpywren.frontend.LinearIntType'>)]),
                                IndexExpr(matrix_name='O',
                                    indices=[Ref(name='j', type=<class 'numpywren.frontend.LinearIntType'>),
                                        IntConst(val=0, type=<class 'numpywren.frontend.ConstIntType'>)]),
                                IndexExpr(matrix_name='O',
                                    indices=[Ref(name='k', type=<class 'numpywren.frontend.LinearIntType'>),
                                        IntConst(val=0, type=<class 'numpywren.frontend.ConstIntType'>)])],
                            kwargs=None,
                            type=<class 'type'>)])]),
        For(var='i',
            min=IntConst(val=1, type=<class 'numpywren.frontend.ConstIntType'>),
            max=BinOp(op='Sub',
                left=Ref(name='N', type=<class 'numpywren.frontend.ConstIntType'>),
                right=Ref(name='truncate', type=<class 'numpywren.frontend.ConstIntType'>),
                type=<class 'numpywren.frontend.ConstIntType'>),
            step=IntConst(val=1, type=<class 'numpywren.frontend.ConstIntType'>),
            body=[
                RemoteCallAbstract(compute=<function chol at 0x7f9ca2bcb290>,
                    output=[
                        IndexExpr(matrix_name='O',
                            indices=[Ref(name='i', type=<class 'numpywren.frontend.LinearIntType'>),
                                Ref(name='i', type=<class 'numpywren.frontend.LinearIntType'>)])],
                    args=[
                        IndexExpr(matrix_name='S',
                            indices=[Ref(name='i', type=<class 'numpywren.frontend.LinearIntType'>),
                                Ref(name='i', type=<class 'numpywren.frontend.LinearIntType'>),
                                Ref(name='i', type=<class 'numpywren.frontend.LinearIntType'>)])],
                    kwargs=None,
                    type=<class 'type'>),
                For(var='j',
                    min=BinOp(op='Add',
                        left=Ref(name='i', type=<class 'numpywren.frontend.LinearIntType'>),
                        right=IntConst(val=1, type=<class 'numpywren.frontend.ConstIntType'>),
                        type=<class 'numpywren.frontend.LinearIntType'>),
                    max=BinOp(op='Sub',
                        left=Ref(name='N', type=<class 'numpywren.frontend.ConstIntType'>),
                        right=Ref(name='truncate', type=<class 'numpywren.frontend.ConstIntType'>),
                        type=<class 'numpywren.frontend.ConstIntType'>),
                    step=IntConst(val=1, type=<class 'numpywren.frontend.ConstIntType'>),
                    body=[
                        RemoteCallAbstract(compute=<function trsm at 0x7f9ca2bcb560>,
                            output=[
                                IndexExpr(matrix_name='O',
                                    indices=[Ref(name='j', type=<class 'numpywren.frontend.LinearIntType'>),
                                        Ref(name='i', type=<class 'numpywren.frontend.LinearIntType'>)])],
                            args=[
                                IndexExpr(matrix_name='O',
                                    indices=[Ref(name='i', type=<class 'numpywren.frontend.LinearIntType'>),
                                        Ref(name='i', type=<class 'numpywren.frontend.LinearIntType'>)]),
                                IndexExpr(matrix_name='S',
                                    indices=[Ref(name='i', type=<class 'numpywren.frontend.LinearIntType'>),
                                        Ref(name='j', type=<class 'numpywren.frontend.LinearIntType'>),
                                        Ref(name='i', type=<class 'numpywren.frontend.LinearIntType'>)])],
                            kwargs=None,
                            type=<class 'type'>),
                        For(var='k',
                            min=BinOp(op='Add',
                                left=Ref(name='i', type=<class 'numpywren.frontend.LinearIntType'>),
                                right=IntConst(val=1, type=<class 'numpywren.frontend.ConstIntType'>),
                                type=<class 'numpywren.frontend.LinearIntType'>),
                            max=BinOp(op='Add',
                                left=Ref(name='j', type=<class 'numpywren.frontend.LinearIntType'>),
                                right=IntConst(val=1, type=<class 'numpywren.frontend.ConstIntType'>),
                                type=<class 'numpywren.frontend.LinearIntType'>),
                            step=IntConst(val=1, type=<class 'numpywren.frontend.ConstIntType'>),
                            body=[
                                RemoteCallAbstract(compute=<function syrk at 0x7f9ca2bcb170>,
                                    output=[
                                        IndexExpr(matrix_name='S',
                                            indices=[
                                                BinOp(op='Add',
                                                    left=Ref(name='i', type=<class 'numpywren.frontend.LinearIntType'>),
                                                    right=IntConst(val=1,
                                                        type=<class 'numpywren.frontend.ConstIntType'>),
                                                    type=<class 'numpywren.frontend.LinearIntType'>),
                                                Ref(name='j', type=<class 'numpywren.frontend.LinearIntType'>),
                                                Ref(name='k', type=<class 'numpywren.frontend.LinearIntType'>)])],
                                    args=[
                                        IndexExpr(matrix_name='S',
                                            indices=[Ref(name='i', type=<class 'numpywren.frontend.LinearIntType'>),
                                                Ref(name='j', type=<class 'numpywren.frontend.LinearIntType'>),
                                                Ref(name='k', type=<class 'numpywren.frontend.LinearIntType'>)]),
                                        IndexExpr(matrix_name='O',
                                            indices=[Ref(name='j', type=<class 'numpywren.frontend.LinearIntType'>),
                                                Ref(name='i', type=<class 'numpywren.frontend.LinearIntType'>)]),
                                        IndexExpr(matrix_name='O',
                                            indices=[Ref(name='k', type=<class 'numpywren.frontend.LinearIntType'>),
                                                Ref(name='i', type=<class 'numpywren.frontend.LinearIntType'>)])],
                                    kwargs=None,
                                    type=<class 'type'>)])])])],
    arg_types=[<class 'numpywren.frontend.BigMatrixType'>,
        <class 'numpywren.frontend.BigMatrixType'>,
        <class 'numpywren.frontend.BigMatrixType'>,
        <class 'numpywren.frontend.ConstIntType'>,
        <class 'numpywren.frontend.ConstIntType'>])

2021-10-12 14:04:22,950 - root - INFO - Starting with 4 cores
2021-10-12 14:10:39,746 - root - DEBUG - 8: Up Workers: 4, Busy Workers: 4
2021-10-12 14:10:57,206 - root - DEBUG - 26: Up Workers: 4, Busy Workers: 4
2021-10-12 14:11:14,724 - root - DEBUG - 43: Up Workers: 0, Busy Workers: 4
